SPR0DAT equ &4000
SPR1DAT equ &4100
SPR2DAT equ &4200
SPR3DAT equ &4300
SPR4DAT equ &4400
SPR5DAT equ &4500
SPR6DAT equ &4600
SPR7DAT equ &4700
SPR8DAT equ &4800
SPR9DAT equ &4900
SPR10DAT equ &4a00
SPR11DAT equ &4b00
SPR12DAT equ &4c00
SPR13DAT equ &4d00
SPR14DAT equ &4e00
SPR15DAT equ &4f00
X0L equ &6000
X0H equ &6001
Y0L equ &6002
Y0H equ &6003
M0 equ &6004
X1L equ &6008
X1H equ &6009
Y1L equ &600a
Y1H equ &600b
M1 equ &600c
X2L equ &6010
X2H equ &6011
Y2L equ &6012
Y2H equ &6013
M2 equ &6014
X3L equ &6018
X3H equ &6019
Y3L equ &601a
Y3H equ &601b
M3 equ &601c
X4L equ &6020
X4H equ &6021
Y4L equ &6022
Y4H equ &6023
M4 equ &6024
X5L equ &6028
X5H equ &6029
Y5L equ &602a
Y5H equ &602b
M5 equ &602c
X6L equ &6030
X6H equ &6031
Y6L equ &6032
Y6H equ &6033
M6 equ &6034
X7L equ &6038
X7H equ &6039
Y7L equ &603a
Y7H equ &603b
M7 equ &603c
X8L equ &6040
X8H equ &6041
Y8L equ &6042
Y8H equ &6043
M8 equ &6044
X9L equ &6048
X9H equ &6049
Y9L equ &604A
Y9H equ &604B
M9 equ &604C
X10L equ &6050
X10H equ &6051
Y10L equ &6052
Y10H equ &6053
M10 equ &6058
X11L equ &6059
X11H equ &605A
Y11L equ &605B
Y11H equ &605C
M11 equ &605D
X12L equ &6060
X12H equ &6061
Y12L equ &6062
Y12H equ &6063
M12 equ &6064
X13L equ &6068
X13H equ &6069
Y13L equ &606A
Y13H equ &606B
M13 equ &606C
X14L equ &6070
X14H equ &6071
Y14L equ &6072
Y14H equ &6073
M14 equ &6074
X15L equ &6078
X15H equ &6079
Y15L equ &607A
Y15H equ &607B
M15 equ &607C

COL0L equ &6400
COL0H equ &6401
COL1L equ &6402
COL1H equ &6403
COL2L equ &6404
COL2H equ &6405
COL3L equ &6406
COL3H equ &6407
COL4L equ &6408
COL4H equ &6409
COL5L equ &640a
COL5H equ &640b
COL6L equ &640c
COL6H equ &640d
COL7L equ &640e
COL7H equ &640f
COL8L equ &6410
COL8H equ &6411
COL9L equ &6412
COL9H equ &6413
COL10L equ &6414
COL10H equ &6415
COL11L equ &6416
COL11H equ &6417
COL12L equ &6418
COL12H equ &6419
COL13L equ &641a
COL13H equ &641b
COL14L equ &641c
COL14H equ &641d
COL15L equ &641e
COL15H equ &641f
BRDL equ &6420
BRDH equ &6421
SPRCOL1L equ &6422
SPRCOL1H equ &6423
SPRCOL2L equ &6424
SPRCOL2H equ &6425
SPRCOL3L equ &6426
SPRCOL3H equ &6427
SPRCOL4L equ &6428
SPRCOL4H equ &6429
SPRCOL5L equ &642a
SPRCOL5H equ &642b
SPRCOL6L equ &642c
SPRCOL6H equ &642d
SPRCOL7L equ &642e
SPRCOL7H equ &642f
SPRCOL8L equ &6430
SPRCOL8H equ &6431
SPRCOL9L equ &6432
SPRCOL9H equ &6433
SPRCOL10L equ &6434
SPRCOL10H equ &6435
SPRCOL11L equ &6436
SPRCOL11H equ &6437
SPRCOL12L equ &6438
SPRCOL12H equ &6439
SPRCOL13L equ &643a
SPRCOL13H equ &643b
SPRCOL14L equ &643c
SPRCOL14H equ &643d
SPRCOL15L equ &643e
SPRCOL15H equ &643f
PRI equ &6800
SPLT equ &6801
SSAH equ &6802
SSAL equ &6803
SSCR equ &6804
IVR equ &6805
ADC0 equ &6808
ADC1 equ &6809
ADC2 equ &680a
ADC3 equ &680b
ADC4 equ &680c
ADC5 equ &680d
ADC6 equ &680e
ADC7 equ &680f
SAR0L equ &6c00
SAR0H equ &6c01
PPR0 equ &6c02
SAR1L equ &6c04
SAR1H equ &6c05
PPR1 equ &6c06
SAR2L equ &6c08
SAR2H equ &6c09
PPR2 equ &6c0a
DCSR equ &6c0f

